__main__-2022-05-06 09:06:03,672-DEBUG-debug log
__main__-2022-05-06 09:06:03,675-INFO-info log
__main__-2022-05-06 09:06:03,675-WARNING-warning log
__main__-2022-05-06 09:06:03,676-ERROR-error log
__main__-2022-05-06 09:06:03,676-CRITICAL-critical log
__main__-2022-05-06 09:06:04,682-DEBUG-debug log
__main__-2022-05-06 09:06:04,682-INFO-info log
__main__-2022-05-06 09:06:04,684-WARNING-warning log
__main__-2022-05-06 09:06:04,684-ERROR-error log
__main__-2022-05-06 09:06:04,684-CRITICAL-critical log
__main__-2022-05-06 09:06:05,689-DEBUG-debug log
__main__-2022-05-06 09:06:05,690-INFO-info log
__main__-2022-05-06 09:06:05,690-WARNING-warning log
__main__-2022-05-06 09:06:05,690-ERROR-error log
__main__-2022-05-06 09:06:05,690-CRITICAL-critical log
__main__-2022-05-06 09:06:06,692-DEBUG-debug log
__main__-2022-05-06 09:06:06,693-INFO-info log
__main__-2022-05-06 09:06:06,693-WARNING-warning log
__main__-2022-05-06 09:06:06,693-ERROR-error log
__main__-2022-05-06 09:06:06,693-CRITICAL-critical log
__main__-2022-05-06 09:06:07,701-DEBUG-debug log
__main__-2022-05-06 09:06:07,702-INFO-info log
__main__-2022-05-06 09:06:07,702-WARNING-warning log
__main__-2022-05-06 09:06:07,702-ERROR-error log
__main__-2022-05-06 09:06:07,702-CRITICAL-critical log
__main__-2022-05-06 09:06:08,707-DEBUG-debug log
__main__-2022-05-06 09:06:08,709-INFO-info log
__main__-2022-05-06 09:06:08,709-WARNING-warning log
__main__-2022-05-06 09:06:08,709-ERROR-error log
__main__-2022-05-06 09:06:08,710-CRITICAL-critical log
__main__-2022-05-06 09:06:09,713-DEBUG-debug log
__main__-2022-05-06 09:06:09,713-INFO-info log
__main__-2022-05-06 09:06:09,713-WARNING-warning log
__main__-2022-05-06 09:06:09,713-ERROR-error log
__main__-2022-05-06 09:06:09,714-CRITICAL-critical log
__main__-2022-05-06 09:06:10,719-DEBUG-debug log
__main__-2022-05-06 09:06:10,720-INFO-info log
__main__-2022-05-06 09:06:10,721-WARNING-warning log
__main__-2022-05-06 09:06:10,721-ERROR-error log
__main__-2022-05-06 09:06:10,721-CRITICAL-critical log
__main__-2022-05-06 09:06:11,723-DEBUG-debug log
__main__-2022-05-06 09:06:11,735-INFO-info log
__main__-2022-05-06 09:06:11,735-WARNING-warning log
__main__-2022-05-06 09:06:11,736-ERROR-error log
__main__-2022-05-06 09:06:11,736-CRITICAL-critical log
__main__-2022-05-06 09:06:12,762-DEBUG-debug log
__main__-2022-05-06 09:06:12,763-INFO-info log
__main__-2022-05-06 09:06:12,764-WARNING-warning log
__main__-2022-05-06 09:06:12,764-ERROR-error log
__main__-2022-05-06 09:06:12,764-CRITICAL-critical log
